<?xml version="1.0" encoding="UTF-8"?>
<testng-results ignored="0" total="2" passed="2" failed="0" skipped="0">
  <reporter-output>
  </reporter-output>
  <suite started-at="2023-07-25T14:20:10 IST" name="Suite" finished-at="2023-07-25T14:20:41 IST" duration-ms="31634">
    <groups>
    </groups>
    <test started-at="2023-07-25T14:20:10 IST" name="Test" finished-at="2023-07-25T14:20:41 IST" duration-ms="31634">
      <class name="test.Filpkart">
        <test-method signature="f()[pri:0, instance:test.Filpkart@4386f16]" started-at="2023-07-25T14:20:29 IST" name="f" finished-at="2023-07-25T14:20:41 IST" duration-ms="12456" status="PASS">
          <reporter-output>
          </reporter-output>
        </test-method> <!-- f -->
      </class> <!-- test.Filpkart -->
      <class name="test.Amazon">
        <test-method signature="f()[pri:0, instance:test.Amazon@2ea227af]" started-at="2023-07-25T14:20:10 IST" name="f" finished-at="2023-07-25T14:20:29 IST" duration-ms="19100" status="PASS">
          <reporter-output>
          </reporter-output>
        </test-method> <!-- f -->
      </class> <!-- test.Amazon -->
    </test> <!-- Test -->
  </suite> <!-- Suite -->
</testng-results>
